<?xml version="1.0" encoding="UTF-8"?>
<!-- Generated by org.testng.reporters.JUnitXMLReporter -->
<testsuite hostname="SHARATH" ignored="2" tests="0" failures="0" timestamp="2021-01-06T22:33:10 IST" time="0.064" errors="0">
  <testcase name="@AfterTest closebrowser" time="0.021" classname="ecommercesite.LoggedIntoFlipkart">
    <failure type="java.lang.NullPointerException">
      <![CDATA[java.lang.NullPointerException
at ecommercesite.LoggedIntoFlipkart.closebrowser(LoggedIntoFlipkart.java:41)
... Removed 24 stack frames]]>
    </failure>
  </testcase> <!-- @AfterTest closebrowser -->
  <testcase name="launchbrowser" time="0.0" classname="ecommercesite.LoggedIntoFlipkart">
    <ignored/>
  </testcase> <!-- launchbrowser -->
  <testcase name="signntoflipkart" time="0.0" classname="ecommercesite.LoggedIntoFlipkart">
    <ignored/>
  </testcase> <!-- signntoflipkart -->
</testsuite>
