<?xml version="1.0" encoding="UTF-8"?>
<!-- Generated by org.testng.reporters.JUnitXMLReporter -->
<testsuite hostname="SHARATH" ignored="0" name="Default test(failed)" tests="1" failures="1" timestamp="2021-01-04T23:34:11 IST" time="0.141" errors="0">
  <testcase name="launchbrowser" time="0.025" classname="resources.Base">
    <failure type="java.lang.NullPointerException">
      <![CDATA[java.lang.NullPointerException
at java.io.FileInputStream.<init>(FileInputStream.java:130)
at java.io.FileInputStream.<init>(FileInputStream.java:93)
at resources.Base.launchbrowser(Base.java:22)
at java.util.ArrayList.forEach(ArrayList.java:1257)
... Removed 27 stack frames]]>
    </failure>
  </testcase> <!-- launchbrowser -->
</testsuite> <!-- Default test(failed) -->
