<?xml version="1.0" encoding="UTF-8"?>
<!-- Generated by org.testng.reporters.JUnitXMLReporter -->
<testsuite hostname="SHARATH" ignored="0" name="FunctionalTest" tests="3" failures="0" timestamp="2021-01-10T01:27:18 IST" time="50.679" errors="0">
  <testcase name="signntoflipkart" time="5.089" classname="ecommercesite.LoggedIntoFlipkart"/>
  <testcase name="srachforproduct" time="1.156" classname="ecommercesite.Londingpage"/>
  <testcase name="searchandadd" time="24.19" classname="ecommercesite.SelectandAddtoCart"/>
</testsuite> <!-- FunctionalTest -->
