<?xml version="1.0" encoding="UTF-8"?>
<testsuite xmlns:xsi="http://www.w3.org/2001/XMLSchema-instance" xsi:noNamespaceSchemaLocation="https://maven.apache.org/surefire/maven-surefire-plugin/xsd/surefire-test-report-3.0.xsd" version="3.0" name="TestSuite" time="55.945" tests="3" errors="0" skipped="0" failures="0">
  <properties>
[...]
</properties>
  <testcase name="signntoflipkart" classname="ecommercesite.LoggedIntoFlipkart" time="5.07">
    <system-out><![CDATA[execution started
signntoflipkartTest started execution
01:26:51.911 [main] INFO  ecommercesite.LoggedIntoFlipkart - logged into flipkart succesfully as Sharath
signntoflipkart Test succusfully passed 
]]></system-out>
    <system-err><![CDATA[Starting ChromeDriver 2.41.578737 (49da6702b16031c40d63e5618de03a32ff6c197e) on port 23652
Only local connections are allowed.
[1610222193.875][WARNING]: Timed out connecting to Chrome, retrying...
Jan 10, 2021 1:26:35 AM org.openqa.selenium.remote.ProtocolHandshake createSession
INFO: Detected dialect: OSS
[1610222204.429][WARNING]: Timed out connecting to Chrome, retrying...
]]></system-err>
  </testcase>
  <testcase name="srachforproduct" classname="ecommercesite.Londingpage" time="1.157">
    <system-out><![CDATA[srachforproductTest started execution
srachforproduct Test succusfully passed 
]]></system-out>
  </testcase>
  <testcase name="searchandadd" classname="ecommercesite.SelectandAddtoCart" time="24.191">
    <system-out><![CDATA[searchandaddTest started execution
Title of the page -->Buy boAt Aavante Bar 2000 160 W Bluetooth Soundbar Online from Flipkart.com
searchandadd Test succusfully passed 
]]></system-out>
    <system-err><![CDATA[[1610222222.211][WARNING]: Timed out connecting to Chrome, retrying...
]]></system-err>
  </testcase>
</testsuite>