<?xml version="1.0" encoding="UTF-8"?>
<!-- Generated by org.testng.reporters.JUnitXMLReporter -->
<testsuite hostname="SHARATH" ignored="1" name="FunctionalTest" tests="3" failures="0" timestamp="2021-01-09T13:01:50 IST" time="37.159" errors="0">
  <testcase name="signntoflipkart" time="3.163" classname="ecommercesite.LoggedIntoFlipkart"/>
  <testcase name="srachforproduct" time="0.865" classname="ecommercesite.Londingpage"/>
  <testcase name="searchandadd" time="17.401" classname="ecommercesite.SelectandAddtoCart"/>
  <testcase name="closebrowser" time="0.0" classname="ecommercesite.LoggedIntoFlipkart">
    <ignored/>
  </testcase> <!-- closebrowser -->
</testsuite> <!-- FunctionalTest -->
