<?xml version="1.0" encoding="UTF-8"?>
<!-- Generated by org.testng.reporters.JUnitXMLReporter -->
<testsuite hostname="SHARATH" ignored="0" name="Test" tests="3" failures="0" timestamp="2021-01-09T12:48:31 IST" time="47.178" errors="0">
  <testcase name="signntoflipkart" time="3.734" classname="ecommercesite.LoggedIntoFlipkart"/>
  <testcase name="srachforproduct" time="1.36" classname="ecommercesite.Londingpage"/>
  <testcase name="searchandadd" time="22.397" classname="ecommercesite.SelectandAddtoCart"/>
</testsuite> <!-- Test -->
